2020-05-31 17:17:13 [main] INFO  LinkedList:41 - Carrie

2020-05-31 17:17:13 [main] INFO  LinkedList:41 - The Shining

2020-05-31 17:17:13 [main] INFO  LinkedList:41 - Rage

2020-05-31 17:17:13 [main] INFO  LinkedList:41 - Roadwork

2020-05-31 17:17:13 [main] INFO  LinkedList:41 - Christine

2020-05-31 17:17:13 [main] INFO  LinkedList:41 - Carrie

2020-05-31 17:17:13 [main] INFO  LinkedList:41 - The Shining

2020-05-31 17:17:13 [main] INFO  LinkedList:41 - Rage

2020-05-31 17:17:13 [main] INFO  LinkedList:41 - Roadwork

2020-05-31 17:17:13 [main] INFO  LinkedList:41 - Christine

2020-05-31 17:17:13 [main] INFO  LinkedList:41 - Misery

2020-05-31 17:17:13 [main] INFO  LinkedList:41 - Lisey's Story

2020-05-31 17:17:13 [main] INFO  LinkedList:90 - Element at index 2 removed.
2020-05-31 17:17:13 [main] INFO  LinkedList:141 - Element 'Misery' removed.
2020-05-31 17:17:13 [main] INFO  LinkedList:41 - Carrie

2020-05-31 17:17:13 [main] INFO  LinkedList:41 - The Shining

2020-05-31 17:17:13 [main] INFO  LinkedList:41 - Roadwork

2020-05-31 17:17:13 [main] INFO  LinkedList:41 - Christine

2020-05-31 17:17:13 [main] INFO  LinkedList:41 - Lisey's Story

2020-05-31 17:22:52 [main] INFO  LinkedList:74 - Element at index 0 removed.
2020-05-31 17:22:52 [main] INFO  LinkedList:141 - Element 'Misery' removed.
2020-05-31 17:22:52 [main] INFO  LinkedList:74 - Element at index 0 removed.
2020-05-31 17:22:52 [main] INFO  LinkedList:119 - Element 'Carrie' removed.
2020-05-31 17:29:41 [main] INFO  LinkedList:74 - Element at index 0 removed.
2020-05-31 17:29:41 [main] INFO  LinkedList:141 - Element 'Misery' removed.
2020-05-31 17:29:41 [main] INFO  LinkedList:74 - Element at index 0 removed.
2020-05-31 17:29:41 [main] INFO  LinkedList:119 - Element 'Carrie' removed.
2020-05-31 17:30:34 [main] INFO  LinkedList:41 - Carrie

2020-05-31 17:30:34 [main] INFO  LinkedList:41 - The Shining

2020-05-31 17:30:34 [main] INFO  LinkedList:41 - Rage

2020-05-31 17:30:34 [main] INFO  LinkedList:41 - Roadwork

2020-05-31 17:30:34 [main] INFO  LinkedList:41 - Christine

2020-05-31 17:30:34 [main] INFO  LinkedList:41 - Carrie

2020-05-31 17:30:34 [main] INFO  LinkedList:41 - The Shining

2020-05-31 17:30:34 [main] INFO  LinkedList:41 - Rage

2020-05-31 17:30:34 [main] INFO  LinkedList:41 - Roadwork

2020-05-31 17:30:34 [main] INFO  LinkedList:41 - Christine

2020-05-31 17:30:34 [main] INFO  LinkedList:41 - Misery

2020-05-31 17:30:34 [main] INFO  LinkedList:41 - Lisey's Story

2020-05-31 17:30:34 [main] INFO  LinkedList:90 - Element at index 2 removed.
2020-05-31 17:30:34 [main] INFO  LinkedList:141 - Element 'Misery' removed.
2020-05-31 17:30:34 [main] INFO  LinkedList:41 - Carrie

2020-05-31 17:30:34 [main] INFO  LinkedList:41 - The Shining

2020-05-31 17:30:34 [main] INFO  LinkedList:41 - Roadwork

2020-05-31 17:30:34 [main] INFO  LinkedList:41 - Christine

2020-05-31 17:30:34 [main] INFO  LinkedList:41 - Lisey's Story

